build/app/intermediates/manifest_merge_blame_file/debug/manifest-merger-blame-debug-report.txt
1<?xml version="1.0" encoding="utf-8"?>
2<manifest xmlns:android="http://schemas.android.com/apk/res/android"
3    package="com.example.video_player_app"
4    android:versionCode="1"
5    android:versionName="1.0.0" >
6
7    <uses-sdk
8        android:minSdkVersion="16"
9        android:targetSdkVersion="31" />
10    <!--
11         The INTERNET permission is required for development. Specifically,
12         the Flutter tool needs it to communicate with the running application
13         to allow setting breakpoints, to provide hot reload, etc.
14    -->
15    <uses-permission android:name="android.permission.INTERNET" />
15-->src\debug\AndroidManifest.xml:7:5-66
15-->src\debug\AndroidManifest.xml:7:22-64
16    <uses-permission android:name="android.permission.ACCESS_NETWORK_STATE" />
16-->[com.google.android.exoplayer:exoplayer-core:2.17.1] AndroidManifest.xml:24:5-79
16-->[com.google.android.exoplayer:exoplayer-core:2.17.1] AndroidManifest.xml:24:22-76
17    <uses-permission android:name="android.permission.WAKE_LOCK" />
17-->[androidx.work:work-runtime:2.7.0] AndroidManifest.xml:25:5-68
17-->[androidx.work:work-runtime:2.7.0] AndroidManifest.xml:25:22-65
18    <uses-permission android:name="android.permission.RECEIVE_BOOT_COMPLETED" />
18-->[androidx.work:work-runtime:2.7.0] AndroidManifest.xml:27:5-81
18-->[androidx.work:work-runtime:2.7.0] AndroidManifest.xml:27:22-78
19    <uses-permission android:name="android.permission.FOREGROUND_SERVICE" />
19-->[androidx.work:work-runtime:2.7.0] AndroidManifest.xml:28:5-77
19-->[androidx.work:work-runtime:2.7.0] AndroidManifest.xml:28:22-74
20
21    <application
22        android:name="android.app.Application"
23        android:appComponentFactory="androidx.core.app.CoreComponentFactory"
23-->[androidx.core:core:1.7.0] AndroidManifest.xml:24:18-86
24        android:debuggable="true"
25        android:hardwareAccelerated="false"
26        android:icon="@mipmap/ic_launcher"
27        android:label="video_player_app"
28        android:largeHeap="true"
29        android:usesCleartextTraffic="true" >
30        <activity
31            android:name="com.example.video_player_app.MainActivity"
32            android:configChanges="orientation|keyboardHidden|keyboard|screenSize|smallestScreenSize|locale|layoutDirection|fontScale|screenLayout|density|uiMode"
33            android:exported="true"
34            android:hardwareAccelerated="true"
35            android:launchMode="singleTop"
36            android:theme="@style/LaunchTheme"
37            android:windowSoftInputMode="adjustResize" >
38
39            <!--
40                 Specifies an Android theme to apply to this Activity as soon as
41                 the Android process has started. This theme is visible to the user
42                 while the Flutter UI initializes. After that, this theme continues
43                 to determine the Window background behind the Flutter UI.
44            -->
45            <meta-data
46                android:name="io.flutter.embedding.android.NormalTheme"
47                android:resource="@style/NormalTheme" />
48
49            <intent-filter>
50                <action android:name="android.intent.action.MAIN" />
51
52                <category android:name="android.intent.category.LAUNCHER" />
53            </intent-filter>
54        </activity>
55        <!--
56             Don't delete the meta-data below.
57             This is used by the Flutter tool to generate GeneratedPluginRegistrant.java
58        -->
59        <meta-data
60            android:name="flutterEmbedding"
61            android:value="2" />
62
63        <uses-library
63-->[androidx.window:window:1.0.0-beta04] AndroidManifest.xml:25:9-27:40
64            android:name="androidx.window.extensions"
64-->[androidx.window:window:1.0.0-beta04] AndroidManifest.xml:26:13-54
65            android:required="false" />
65-->[androidx.window:window:1.0.0-beta04] AndroidManifest.xml:27:13-37
66        <uses-library
66-->[androidx.window:window:1.0.0-beta04] AndroidManifest.xml:28:9-30:40
67            android:name="androidx.window.sidecar"
67-->[androidx.window:window:1.0.0-beta04] AndroidManifest.xml:29:13-51
68            android:required="false" />
68-->[androidx.window:window:1.0.0-beta04] AndroidManifest.xml:30:13-37
69
70        <provider
70-->[androidx.work:work-runtime:2.7.0] AndroidManifest.xml:31:9-39:20
71            android:name="androidx.startup.InitializationProvider"
71-->[androidx.work:work-runtime:2.7.0] AndroidManifest.xml:32:13-67
72            android:authorities="com.example.video_player_app.androidx-startup"
72-->[androidx.work:work-runtime:2.7.0] AndroidManifest.xml:33:13-68
73            android:exported="false" >
73-->[androidx.work:work-runtime:2.7.0] AndroidManifest.xml:34:13-37
74            <meta-data
74-->[androidx.work:work-runtime:2.7.0] AndroidManifest.xml:36:13-38:52
75                android:name="androidx.work.WorkManagerInitializer"
75-->[androidx.work:work-runtime:2.7.0] AndroidManifest.xml:37:17-68
76                android:value="androidx.startup" />
76-->[androidx.work:work-runtime:2.7.0] AndroidManifest.xml:38:17-49
77        </provider>
78
79        <service
79-->[androidx.work:work-runtime:2.7.0] AndroidManifest.xml:41:9-46:35
80            android:name="androidx.work.impl.background.systemalarm.SystemAlarmService"
80-->[androidx.work:work-runtime:2.7.0] AndroidManifest.xml:42:13-88
81            android:directBootAware="false"
81-->[androidx.work:work-runtime:2.7.0] AndroidManifest.xml:43:13-44
82            android:enabled="@bool/enable_system_alarm_service_default"
82-->[androidx.work:work-runtime:2.7.0] AndroidManifest.xml:44:13-72
83            android:exported="false" />
83-->[androidx.work:work-runtime:2.7.0] AndroidManifest.xml:45:13-37
84        <service
84-->[androidx.work:work-runtime:2.7.0] AndroidManifest.xml:47:9-53:35
85            android:name="androidx.work.impl.background.systemjob.SystemJobService"
85-->[androidx.work:work-runtime:2.7.0] AndroidManifest.xml:48:13-84
86            android:directBootAware="false"
86-->[androidx.work:work-runtime:2.7.0] AndroidManifest.xml:49:13-44
87            android:enabled="@bool/enable_system_job_service_default"
87-->[androidx.work:work-runtime:2.7.0] AndroidManifest.xml:50:13-70
88            android:exported="true"
88-->[androidx.work:work-runtime:2.7.0] AndroidManifest.xml:51:13-36
89            android:permission="android.permission.BIND_JOB_SERVICE" />
89-->[androidx.work:work-runtime:2.7.0] AndroidManifest.xml:52:13-69
90        <service
90-->[androidx.work:work-runtime:2.7.0] AndroidManifest.xml:54:9-59:35
91            android:name="androidx.work.impl.foreground.SystemForegroundService"
91-->[androidx.work:work-runtime:2.7.0] AndroidManifest.xml:55:13-81
92            android:directBootAware="false"
92-->[androidx.work:work-runtime:2.7.0] AndroidManifest.xml:56:13-44
93            android:enabled="@bool/enable_system_foreground_service_default"
93-->[androidx.work:work-runtime:2.7.0] AndroidManifest.xml:57:13-77
94            android:exported="false" />
94-->[androidx.work:work-runtime:2.7.0] AndroidManifest.xml:58:13-37
95
96        <receiver
96-->[androidx.work:work-runtime:2.7.0] AndroidManifest.xml:61:9-66:35
97            android:name="androidx.work.impl.utils.ForceStopRunnable$BroadcastReceiver"
97-->[androidx.work:work-runtime:2.7.0] AndroidManifest.xml:62:13-88
98            android:directBootAware="false"
98-->[androidx.work:work-runtime:2.7.0] AndroidManifest.xml:63:13-44
99            android:enabled="true"
99-->[androidx.work:work-runtime:2.7.0] AndroidManifest.xml:64:13-35
100            android:exported="false" />
100-->[androidx.work:work-runtime:2.7.0] AndroidManifest.xml:65:13-37
101        <receiver
101-->[androidx.work:work-runtime:2.7.0] AndroidManifest.xml:67:9-77:20
102            android:name="androidx.work.impl.background.systemalarm.ConstraintProxy$BatteryChargingProxy"
102-->[androidx.work:work-runtime:2.7.0] AndroidManifest.xml:68:13-106
103            android:directBootAware="false"
103-->[androidx.work:work-runtime:2.7.0] AndroidManifest.xml:69:13-44
104            android:enabled="false"
104-->[androidx.work:work-runtime:2.7.0] AndroidManifest.xml:70:13-36
105            android:exported="false" >
105-->[androidx.work:work-runtime:2.7.0] AndroidManifest.xml:71:13-37
106            <intent-filter>
106-->[androidx.work:work-runtime:2.7.0] AndroidManifest.xml:73:13-76:29
107                <action android:name="android.intent.action.ACTION_POWER_CONNECTED" />
107-->[androidx.work:work-runtime:2.7.0] AndroidManifest.xml:74:17-87
107-->[androidx.work:work-runtime:2.7.0] AndroidManifest.xml:74:25-84
108                <action android:name="android.intent.action.ACTION_POWER_DISCONNECTED" />
108-->[androidx.work:work-runtime:2.7.0] AndroidManifest.xml:75:17-90
108-->[androidx.work:work-runtime:2.7.0] AndroidManifest.xml:75:25-87
109            </intent-filter>
110        </receiver>
111        <receiver
111-->[androidx.work:work-runtime:2.7.0] AndroidManifest.xml:78:9-88:20
112            android:name="androidx.work.impl.background.systemalarm.ConstraintProxy$BatteryNotLowProxy"
112-->[androidx.work:work-runtime:2.7.0] AndroidManifest.xml:79:13-104
113            android:directBootAware="false"
113-->[androidx.work:work-runtime:2.7.0] AndroidManifest.xml:80:13-44
114            android:enabled="false"
114-->[androidx.work:work-runtime:2.7.0] AndroidManifest.xml:81:13-36
115            android:exported="false" >
115-->[androidx.work:work-runtime:2.7.0] AndroidManifest.xml:82:13-37
116            <intent-filter>
116-->[androidx.work:work-runtime:2.7.0] AndroidManifest.xml:84:13-87:29
117                <action android:name="android.intent.action.BATTERY_OKAY" />
117-->[androidx.work:work-runtime:2.7.0] AndroidManifest.xml:85:17-77
117-->[androidx.work:work-runtime:2.7.0] AndroidManifest.xml:85:25-74
118                <action android:name="android.intent.action.BATTERY_LOW" />
118-->[androidx.work:work-runtime:2.7.0] AndroidManifest.xml:86:17-76
118-->[androidx.work:work-runtime:2.7.0] AndroidManifest.xml:86:25-73
119            </intent-filter>
120        </receiver>
121        <receiver
121-->[androidx.work:work-runtime:2.7.0] AndroidManifest.xml:89:9-99:20
122            android:name="androidx.work.impl.background.systemalarm.ConstraintProxy$StorageNotLowProxy"
122-->[androidx.work:work-runtime:2.7.0] AndroidManifest.xml:90:13-104
123            android:directBootAware="false"
123-->[androidx.work:work-runtime:2.7.0] AndroidManifest.xml:91:13-44
124            android:enabled="false"
124-->[androidx.work:work-runtime:2.7.0] AndroidManifest.xml:92:13-36
125            android:exported="false" >
125-->[androidx.work:work-runtime:2.7.0] AndroidManifest.xml:93:13-37
126            <intent-filter>
126-->[androidx.work:work-runtime:2.7.0] AndroidManifest.xml:95:13-98:29
127                <action android:name="android.intent.action.DEVICE_STORAGE_LOW" />
127-->[androidx.work:work-runtime:2.7.0] AndroidManifest.xml:96:17-83
127-->[androidx.work:work-runtime:2.7.0] AndroidManifest.xml:96:25-80
128                <action android:name="android.intent.action.DEVICE_STORAGE_OK" />
128-->[androidx.work:work-runtime:2.7.0] AndroidManifest.xml:97:17-82
128-->[androidx.work:work-runtime:2.7.0] AndroidManifest.xml:97:25-79
129            </intent-filter>
130        </receiver>
131        <receiver
131-->[androidx.work:work-runtime:2.7.0] AndroidManifest.xml:100:9-109:20
132            android:name="androidx.work.impl.background.systemalarm.ConstraintProxy$NetworkStateProxy"
132-->[androidx.work:work-runtime:2.7.0] AndroidManifest.xml:101:13-103
133            android:directBootAware="false"
133-->[androidx.work:work-runtime:2.7.0] AndroidManifest.xml:102:13-44
134            android:enabled="false"
134-->[androidx.work:work-runtime:2.7.0] AndroidManifest.xml:103:13-36
135            android:exported="false" >
135-->[androidx.work:work-runtime:2.7.0] AndroidManifest.xml:104:13-37
136            <intent-filter>
136-->[androidx.work:work-runtime:2.7.0] AndroidManifest.xml:106:13-108:29
137                <action android:name="android.net.conn.CONNECTIVITY_CHANGE" />
137-->[androidx.work:work-runtime:2.7.0] AndroidManifest.xml:107:17-79
137-->[androidx.work:work-runtime:2.7.0] AndroidManifest.xml:107:25-76
138            </intent-filter>
139        </receiver>
140        <receiver
140-->[androidx.work:work-runtime:2.7.0] AndroidManifest.xml:110:9-121:20
141            android:name="androidx.work.impl.background.systemalarm.RescheduleReceiver"
141-->[androidx.work:work-runtime:2.7.0] AndroidManifest.xml:111:13-88
142            android:directBootAware="false"
142-->[androidx.work:work-runtime:2.7.0] AndroidManifest.xml:112:13-44
143            android:enabled="false"
143-->[androidx.work:work-runtime:2.7.0] AndroidManifest.xml:113:13-36
144            android:exported="false" >
144-->[androidx.work:work-runtime:2.7.0] AndroidManifest.xml:114:13-37
145            <intent-filter>
145-->[androidx.work:work-runtime:2.7.0] AndroidManifest.xml:116:13-120:29
146                <action android:name="android.intent.action.BOOT_COMPLETED" />
146-->[androidx.work:work-runtime:2.7.0] AndroidManifest.xml:117:17-79
146-->[androidx.work:work-runtime:2.7.0] AndroidManifest.xml:117:25-76
147                <action android:name="android.intent.action.TIME_SET" />
147-->[androidx.work:work-runtime:2.7.0] AndroidManifest.xml:118:17-73
147-->[androidx.work:work-runtime:2.7.0] AndroidManifest.xml:118:25-70
148                <action android:name="android.intent.action.TIMEZONE_CHANGED" />
148-->[androidx.work:work-runtime:2.7.0] AndroidManifest.xml:119:17-81
148-->[androidx.work:work-runtime:2.7.0] AndroidManifest.xml:119:25-78
149            </intent-filter>
150        </receiver>
151        <receiver
151-->[androidx.work:work-runtime:2.7.0] AndroidManifest.xml:122:9-131:20
152            android:name="androidx.work.impl.background.systemalarm.ConstraintProxyUpdateReceiver"
152-->[androidx.work:work-runtime:2.7.0] AndroidManifest.xml:123:13-99
153            android:directBootAware="false"
153-->[androidx.work:work-runtime:2.7.0] AndroidManifest.xml:124:13-44
154            android:enabled="@bool/enable_system_alarm_service_default"
154-->[androidx.work:work-runtime:2.7.0] AndroidManifest.xml:125:13-72
155            android:exported="false" >
155-->[androidx.work:work-runtime:2.7.0] AndroidManifest.xml:126:13-37
156            <intent-filter>
156-->[androidx.work:work-runtime:2.7.0] AndroidManifest.xml:128:13-130:29
157                <action android:name="androidx.work.impl.background.systemalarm.UpdateProxies" />
157-->[androidx.work:work-runtime:2.7.0] AndroidManifest.xml:129:17-98
157-->[androidx.work:work-runtime:2.7.0] AndroidManifest.xml:129:25-95
158            </intent-filter>
159        </receiver>
160        <receiver
160-->[androidx.work:work-runtime:2.7.0] AndroidManifest.xml:132:9-142:20
161            android:name="androidx.work.impl.diagnostics.DiagnosticsReceiver"
161-->[androidx.work:work-runtime:2.7.0] AndroidManifest.xml:133:13-78
162            android:directBootAware="false"
162-->[androidx.work:work-runtime:2.7.0] AndroidManifest.xml:134:13-44
163            android:enabled="true"
163-->[androidx.work:work-runtime:2.7.0] AndroidManifest.xml:135:13-35
164            android:exported="true"
164-->[androidx.work:work-runtime:2.7.0] AndroidManifest.xml:136:13-36
165            android:permission="android.permission.DUMP" >
165-->[androidx.work:work-runtime:2.7.0] AndroidManifest.xml:137:13-57
166            <intent-filter>
166-->[androidx.work:work-runtime:2.7.0] AndroidManifest.xml:139:13-141:29
167                <action android:name="androidx.work.diagnostics.REQUEST_DIAGNOSTICS" />
167-->[androidx.work:work-runtime:2.7.0] AndroidManifest.xml:140:17-88
167-->[androidx.work:work-runtime:2.7.0] AndroidManifest.xml:140:25-85
168            </intent-filter>
169        </receiver>
170
171        <service
171-->[androidx.room:room-runtime:2.2.5] AndroidManifest.xml:25:9-28:40
172            android:name="androidx.room.MultiInstanceInvalidationService"
172-->[androidx.room:room-runtime:2.2.5] AndroidManifest.xml:26:13-74
173            android:directBootAware="true"
173-->[androidx.room:room-runtime:2.2.5] AndroidManifest.xml:27:13-43
174            android:exported="false" />
174-->[androidx.room:room-runtime:2.2.5] AndroidManifest.xml:28:13-37
175    </application>
176
177</manifest>